четвер, 20 червня 2024 20:15:31 +0300
<https://google23.com> is DOWN
<https://facebook.com> is UP
<https://twitter.com> is UP


четвер, 20 червня 2024 20:16:13 +0300
<https://google23.com> is DOWN
<https://facebook.com> is UP
<https://twitter.com> is UP


четвер, 20 червня 2024 20:20:23 +0300
<https://google23.com> is DOWN
<https://facebook.com> is UP
<https://twitter.com> is UP


п'ятниця, 28 червня 2024 17:54:51 +0300
<https://google23.com> is DOWN
<https://facebook.com> is UP
<https://twitter.com> is UP


п'ятниця, 28 червня 2024 17:57:44 +0300
<https://google.com> is UP
<https://noname123.com> is DOWN
<https://facebook.com> is UP
<https://twitter.com> is UP


п'ятниця, 28 червня 2024 17:58:46 +0300
<https://google.com> is UP
<https://noname123.com> is DOWN
<https://facebook.com> is UP
<https://twitter.com> is UP


